<?xml version="1.0" encoding="UTF-8"?>
<!-- Generated by org.testng.reporters.JUnitReportReporter -->
<testsuite skipped="0" hostname="DESKTOP-L2O0OSU" name="sumitPack.jenkins" tests="1" failures="0" timestamp="05 Mar 2020 15:53:53 GMT" time="29.951" errors="0">
  <testcase name="test" time="29.951" classname="sumitPack.jenkins"/>
</testsuite> <!-- sumitPack.jenkins -->
